<?xml version="1.0" encoding="UTF-8"?>
<!-- Generated by org.testng.reporters.JUnitXMLReporter -->
<testsuite ignored="8" hostname="EKITO-039" failures="0" tests="5" name="Testng" time="56.435" errors="0" timestamp="2025-11-29T17:24:15 MEZ">
  <testcase classname="spring.testPetClinic.testCases.HomePageTest" name="pruefenHomePage" time="0.603"/>
  <testcase classname="spring.testPetClinic.testCases.FindOwnersTest" name="sucheNachEinemTierhalter" time="10.959"/>
  <testcase classname="spring.testPetClinic.testCases.AddOwnerTest" name="anlegenEinesTierhalters" time="1.736"/>
  <testcase classname="spring.testPetClinic.testCases.AddNewPetTest" name="anlegenEinesNeuenTiersZuEinemTierhalter" time="11.591"/>
  <testcase classname="spring.testPetClinic.testCases.AddNewPetVisitTest" name="hinzufügenEinesNeuenBesuchsFürEinTier" time="21.72"/>
  <testcase classname="spring.testPetClinic.base.BaseClass" name="@BeforeSuite ladenConfig" time="0.0">
    <ignored/>
  </testcase> <!-- @BeforeSuite ladenConfig -->
  <testcase classname="spring.testPetClinic.base.BaseClass" name="@BeforeSuite ladenConfig" time="0.0">
    <ignored/>
  </testcase> <!-- @BeforeSuite ladenConfig -->
  <testcase classname="spring.testPetClinic.base.BaseClass" name="@AfterSuite afterSuite" time="0.0">
    <ignored/>
  </testcase> <!-- @AfterSuite afterSuite -->
  <testcase classname="spring.testPetClinic.base.BaseClass" name="@AfterSuite afterSuite" time="0.0">
    <ignored/>
  </testcase> <!-- @AfterSuite afterSuite -->
  <testcase classname="spring.testPetClinic.base.BaseClass" name="@AfterSuite afterSuite" time="0.0">
    <ignored/>
  </testcase> <!-- @AfterSuite afterSuite -->
  <testcase classname="spring.testPetClinic.base.BaseClass" name="@BeforeSuite ladenConfig" time="0.0">
    <ignored/>
  </testcase> <!-- @BeforeSuite ladenConfig -->
  <testcase classname="spring.testPetClinic.base.BaseClass" name="@BeforeSuite ladenConfig" time="0.0">
    <ignored/>
  </testcase> <!-- @BeforeSuite ladenConfig -->
  <testcase classname="spring.testPetClinic.base.BaseClass" name="@AfterSuite afterSuite" time="0.0">
    <ignored/>
  </testcase> <!-- @AfterSuite afterSuite -->
</testsuite> <!-- Testng -->
