<?xml version="1.0" encoding="UTF-8"?>
<!-- Generated by org.testng.reporters.JUnitXMLReporter -->
<testsuite ignored="8" hostname="EKITO-039" failures="3" tests="5" name="Testng" time="10.839" errors="0" timestamp="2025-11-29T21:36:31 MEZ">
  <testcase classname="spring.testPetClinic.testCases.HomePageTest" name="pruefenHomePage" time="0.684"/>
  <testcase classname="spring.testPetClinic.testCases.FindOwnersTest" name="sucheNachEinemTierhalter" time="0.548">
    <failure type="java.lang.AssertionError" message="null">
      <![CDATA[java.lang.AssertionError: null
at spring.testPetClinic.testCases.FindOwnersTest.sucheTierhalter(FindOwnersTest.java:42)
at spring.testPetClinic.testCases.FindOwnersTest.sucheNachEinemTierhalter(FindOwnersTest.java:74)
at java.base/java.util.ArrayList.forEach(ArrayList.java:1511)
... Removed 29 stack frames]]>
    </failure>
  </testcase> <!-- sucheNachEinemTierhalter -->
  <testcase classname="spring.testPetClinic.testCases.AddOwnerTest" name="anlegenEinesTierhalters" time="1.527"/>
  <testcase classname="spring.testPetClinic.testCases.AddNewPetTest" name="anlegenEinesNeuenTiersZuEinemTierhalter" time="0.568">
    <failure type="java.lang.AssertionError" message="null">
      <![CDATA[java.lang.AssertionError: null
at spring.testPetClinic.testCases.FindOwnersTest.sucheTierhalter(FindOwnersTest.java:42)
at spring.testPetClinic.testCases.AddNewPetTest.anlegenEinesNeuenTiersZuEinemTierhalter(AddNewPetTest.java:35)
at java.base/java.util.ArrayList.forEach(ArrayList.java:1511)
... Removed 29 stack frames]]>
    </failure>
  </testcase> <!-- anlegenEinesNeuenTiersZuEinemTierhalter -->
  <testcase classname="spring.testPetClinic.testCases.AddNewPetVisitTest" name="hinzufügenEinesNeuenBesuchsFürEinTier" time="0.569">
    <failure type="java.lang.AssertionError" message="null">
      <![CDATA[java.lang.AssertionError: null
at spring.testPetClinic.testCases.FindOwnersTest.sucheTierhalter(FindOwnersTest.java:42)
at spring.testPetClinic.testCases.AddNewPetVisitTest.hinzufügenEinesNeuenBesuchsFürEinTier(AddNewPetVisitTest.java:40)
at java.base/java.util.ArrayList.forEach(ArrayList.java:1511)
... Removed 29 stack frames]]>
    </failure>
  </testcase> <!-- hinzufügenEinesNeuenBesuchsFürEinTier -->
  <testcase classname="spring.testPetClinic.base.BaseClass" name="@BeforeSuite ladenConfig" time="0.0">
    <ignored/>
  </testcase> <!-- @BeforeSuite ladenConfig -->
  <testcase classname="spring.testPetClinic.base.BaseClass" name="@BeforeSuite ladenConfig" time="0.0">
    <ignored/>
  </testcase> <!-- @BeforeSuite ladenConfig -->
  <testcase classname="spring.testPetClinic.base.BaseClass" name="@AfterSuite afterSuite" time="0.0">
    <ignored/>
  </testcase> <!-- @AfterSuite afterSuite -->
  <testcase classname="spring.testPetClinic.base.BaseClass" name="@AfterSuite afterSuite" time="0.0">
    <ignored/>
  </testcase> <!-- @AfterSuite afterSuite -->
  <testcase classname="spring.testPetClinic.base.BaseClass" name="@AfterSuite afterSuite" time="0.0">
    <ignored/>
  </testcase> <!-- @AfterSuite afterSuite -->
  <testcase classname="spring.testPetClinic.base.BaseClass" name="@BeforeSuite ladenConfig" time="0.0">
    <ignored/>
  </testcase> <!-- @BeforeSuite ladenConfig -->
  <testcase classname="spring.testPetClinic.base.BaseClass" name="@BeforeSuite ladenConfig" time="0.0">
    <ignored/>
  </testcase> <!-- @BeforeSuite ladenConfig -->
  <testcase classname="spring.testPetClinic.base.BaseClass" name="@AfterSuite afterSuite" time="0.0">
    <ignored/>
  </testcase> <!-- @AfterSuite afterSuite -->
</testsuite> <!-- Testng -->
