<?xml version="1.0" encoding="UTF-8"?>
<!-- Generated by org.testng.reporters.JUnitReportReporter -->
<testsuite hostname="EKITO-039" failures="0" tests="1" name="spring.testPetClinic.testCases.FindOwnersTest" time="0.000" errors="0" timestamp="2025-11-29T17:07:33 MEZ" skipped="1">
  <testcase classname="spring.testPetClinic.testCases.FindOwnersTest" name="sucheNachEinemTierhalter" time="0.000">
    <skipped/>
  </testcase> <!-- sucheNachEinemTierhalter -->
</testsuite> <!-- spring.testPetClinic.testCases.FindOwnersTest -->
