<?xml version="1.0" encoding="UTF-8"?>
<!-- Generated by org.testng.reporters.JUnitXMLReporter -->
<testsuite ignored="8" hostname="EKITO-039" failures="0" tests="5" name="Surefire test" time="0.199" errors="0" timestamp="2025-11-29T17:07:33 MEZ">
  <testcase classname="spring.testPetClinic.base.BaseClass" name="@BeforeSuite ladenConfig" time="0.133">
    <failure type="java.lang.NullPointerException" message="Cannot invoke &amp;quot;com.aventstack.extentreports.config.ConfigStore.getStore()&amp;quot; because &amp;quot;store&amp;quot; is null">
      <![CDATA[java.lang.NullPointerException: Cannot invoke "com.aventstack.extentreports.config.ConfigStore.getStore()" because "store" is null
at com.aventstack.extentreports.config.external.XmlConfigLoader.apply(XmlConfigLoader.java:48)
at com.aventstack.extentreports.reporter.ExtentSparkReporter.loadXMLConfig(ExtentSparkReporter.java:96)
at com.aventstack.extentreports.reporter.ExtentSparkReporter.loadXMLConfig(ExtentSparkReporter.java:101)
at spring.testPetClinic.Utility.ExtentManager.setExtent(ExtentManager.java:18)
at spring.testPetClinic.base.BaseClass.ladenConfig(BaseClass.java:27)
... Removed 24 stack frames]]>
    </failure>
  </testcase> <!-- @BeforeSuite ladenConfig -->
  <testcase classname="spring.testPetClinic.testCases.AddNewPetTest" name="@BeforeMethod setup" time="0.0">
    <skipped/>
  </testcase> <!-- @BeforeMethod setup -->
  <testcase classname="spring.testPetClinic.testCases.AddNewPetTest" name="@AfterMethod tearDown" time="0.0">
    <skipped/>
  </testcase> <!-- @AfterMethod tearDown -->
  <testcase classname="spring.testPetClinic.testCases.AddNewPetVisitTest" name="@BeforeMethod setup" time="0.0">
    <skipped/>
  </testcase> <!-- @BeforeMethod setup -->
  <testcase classname="spring.testPetClinic.testCases.AddNewPetVisitTest" name="@AfterMethod tearDown" time="0.0">
    <skipped/>
  </testcase> <!-- @AfterMethod tearDown -->
  <testcase classname="spring.testPetClinic.testCases.AddOwnerTest" name="@BeforeMethod setup" time="0.0">
    <skipped/>
  </testcase> <!-- @BeforeMethod setup -->
  <testcase classname="spring.testPetClinic.testCases.AddOwnerTest" name="@AfterMethod tearDown" time="0.0">
    <skipped/>
  </testcase> <!-- @AfterMethod tearDown -->
  <testcase classname="spring.testPetClinic.testCases.FindOwnersTest" name="@BeforeClass setup" time="0.0">
    <skipped/>
  </testcase> <!-- @BeforeClass setup -->
  <testcase classname="spring.testPetClinic.testCases.FindOwnersTest" name="@AfterClass tearDown" time="0.0">
    <skipped/>
  </testcase> <!-- @AfterClass tearDown -->
  <testcase classname="spring.testPetClinic.testCases.HomePageTest" name="@BeforeMethod setup" time="0.0">
    <skipped/>
  </testcase> <!-- @BeforeMethod setup -->
  <testcase classname="spring.testPetClinic.testCases.HomePageTest" name="@AfterMethod tearDown" time="0.0">
    <skipped/>
  </testcase> <!-- @AfterMethod tearDown -->
  <testcase classname="spring.testPetClinic.testCases.AddNewPetTest" name="anlegenEinesNeuenTiersZuEinemTierhalter" time="0.0">
    <skipped/>
  </testcase> <!-- anlegenEinesNeuenTiersZuEinemTierhalter -->
  <testcase classname="spring.testPetClinic.testCases.AddNewPetVisitTest" name="hinzufügenEinesNeuenBesuchsFürEinTier" time="0.001">
    <skipped/>
  </testcase> <!-- hinzufügenEinesNeuenBesuchsFürEinTier -->
  <testcase classname="spring.testPetClinic.testCases.AddOwnerTest" name="anlegenEinesTierhalters" time="0.0">
    <skipped/>
  </testcase> <!-- anlegenEinesTierhalters -->
  <testcase classname="spring.testPetClinic.testCases.FindOwnersTest" name="sucheNachEinemTierhalter" time="0.0">
    <skipped/>
  </testcase> <!-- sucheNachEinemTierhalter -->
  <testcase classname="spring.testPetClinic.testCases.HomePageTest" name="pruefenHomePage" time="0.0">
    <skipped/>
  </testcase> <!-- pruefenHomePage -->
  <testcase classname="spring.testPetClinic.base.BaseClass" name="@BeforeSuite ladenConfig" time="0.0">
    <ignored/>
  </testcase> <!-- @BeforeSuite ladenConfig -->
  <testcase classname="spring.testPetClinic.base.BaseClass" name="@AfterSuite afterSuite" time="0.0">
    <ignored/>
  </testcase> <!-- @AfterSuite afterSuite -->
  <testcase classname="spring.testPetClinic.base.BaseClass" name="@BeforeSuite ladenConfig" time="0.0">
    <ignored/>
  </testcase> <!-- @BeforeSuite ladenConfig -->
  <testcase classname="spring.testPetClinic.base.BaseClass" name="@AfterSuite afterSuite" time="0.0">
    <ignored/>
  </testcase> <!-- @AfterSuite afterSuite -->
  <testcase classname="spring.testPetClinic.base.BaseClass" name="@BeforeSuite ladenConfig" time="0.0">
    <ignored/>
  </testcase> <!-- @BeforeSuite ladenConfig -->
  <testcase classname="spring.testPetClinic.base.BaseClass" name="@AfterSuite afterSuite" time="0.0">
    <ignored/>
  </testcase> <!-- @AfterSuite afterSuite -->
  <testcase classname="spring.testPetClinic.base.BaseClass" name="@BeforeSuite ladenConfig" time="0.0">
    <ignored/>
  </testcase> <!-- @BeforeSuite ladenConfig -->
  <testcase classname="spring.testPetClinic.base.BaseClass" name="@AfterSuite afterSuite" time="0.0">
    <ignored/>
  </testcase> <!-- @AfterSuite afterSuite -->
</testsuite> <!-- Surefire test -->
