<!DOCTYPE html PUBLIC "-//W3C//DTD XHTML 1.1//EN" "https://www.w3.org/TR/xhtml11/DTD/xhtml11.dtd">
<html xmlns="https://www.w3.org/1999/xhtml">
<head>
<meta http-equiv="content-type" content="text/html; charset=UTF-8"/>
<title>TestNG Report</title>
<style type="text/css">table {margin-bottom:10px;border-collapse:collapse;empty-cells:show}th,td {border:1px solid #009;padding:.25em .5em}th {vertical-align:bottom}td {vertical-align:top}table a {font-weight:bold}.stripe td {background-color: #E6EBF9}.num {text-align:right}.passedodd td {background-color: #3F3}.passedeven td {background-color: #0A0}.skippedodd td {background-color: #DDD}.skippedeven td {background-color: #CCC}.failedodd td,.attn {background-color: #F33}.failedeven td,.stripe .attn {background-color: #D00}.stacktrace {white-space:pre;font-family:monospace}.totop {font-size:85%;text-align:center;border-bottom:2px solid #000}.invisible {display:none}</style>
</head>
<body>
<table>
<tr><th>Test</th><th># Passed</th><th># Skipped</th><th># Retried</th><th># Failed</th><th>Time (ms)</th><th>Included Groups</th><th>Excluded Groups</th></tr>
<tr><th colspan="8">Suite</th></tr>
<tr><td><a href="#t0">Testng</a></td><td class="num">2</td><td class="num">0</td><td class="num">0</td><td class="num attn">3</td><td class="num">10.839</td><td></td><td></td></tr>
</table>
<table id='summary'><thead><tr><th>Class</th><th>Method</th><th>Start</th><th>Time (ms)</th></tr></thead><tbody><tr><th colspan="4">Suite</th></tr></tbody><tbody id="t0"><tr><th colspan="4">Testng &#8212; failed</th></tr><tr class="failedeven"><td rowspan="1">spring.testPetClinic.testCases.AddNewPetTest</td><td><a href="#m0">anlegenEinesNeuenTiersZuEinemTierhalter</a></td><td rowspan="1">1764448588771</td><td rowspan="1">568</td></tr><tr class="failedodd"><td rowspan="1">spring.testPetClinic.testCases.AddNewPetVisitTest</td><td><a href="#m1">hinzufügenEinesNeuenBesuchsFürEinTier</a></td><td rowspan="1">1764448590574</td><td rowspan="1">569</td></tr><tr class="failedeven"><td rowspan="1">spring.testPetClinic.testCases.FindOwnersTest</td><td><a href="#m2">sucheNachEinemTierhalter</a></td><td rowspan="1">1764448584047</td><td rowspan="1">548</td></tr><tr><th colspan="4">Testng &#8212; passed</th></tr><tr class="passedeven"><td rowspan="1">spring.testPetClinic.testCases.AddOwnerTest</td><td><a href="#m3">anlegenEinesTierhalters</a></td><td rowspan="1">1764448585998</td><td rowspan="1">1527</td></tr><tr class="passedodd"><td rowspan="1">spring.testPetClinic.testCases.HomePageTest</td><td><a href="#m4">pruefenHomePage</a></td><td rowspan="1">1764448582109</td><td rowspan="1">684</td></tr></tbody>
</table>
<h2>Testng</h2><h3 id="m0">spring.testPetClinic.testCases.AddNewPetTest#anlegenEinesNeuenTiersZuEinemTierhalter</h3><table class="result"><tr class="param"><th>Parameter #1</th><th>Parameter #2</th></tr><tr class="param stripe"><td>Davis</td><td>{name=Luna, birthDate=2018-07-22, type=cat}</td></tr><tr><th colspan="2">Exception</th></tr><tr><td colspan="2"><div class="stacktrace">java.lang.AssertionError: null
	at spring.testPetClinic.testCases.FindOwnersTest.sucheTierhalter(FindOwnersTest.java:42)
	at spring.testPetClinic.testCases.AddNewPetTest.anlegenEinesNeuenTiersZuEinemTierhalter(AddNewPetTest.java:35)
	at java.base/java.util.ArrayList.forEach(ArrayList.java:1511)
... Removed 29 stack frames</div></td></tr></table><p class="totop"><a href="#summary">back to summary</a></p>
<h3 id="m1">spring.testPetClinic.testCases.AddNewPetVisitTest#hinzufügenEinesNeuenBesuchsFürEinTier</h3><table class="result"><tr class="param"><th>Parameter #1</th><th>Parameter #2</th></tr><tr class="param stripe"><td>Escobito</td><td>{date=30-11-2025, description=Bath}</td></tr><tr><th colspan="2">Exception</th></tr><tr><td colspan="2"><div class="stacktrace">java.lang.AssertionError: null
	at spring.testPetClinic.testCases.FindOwnersTest.sucheTierhalter(FindOwnersTest.java:42)
	at spring.testPetClinic.testCases.AddNewPetVisitTest.hinzufügenEinesNeuenBesuchsFürEinTier(AddNewPetVisitTest.java:40)
	at java.base/java.util.ArrayList.forEach(ArrayList.java:1511)
... Removed 29 stack frames</div></td></tr></table><p class="totop"><a href="#summary">back to summary</a></p>
<h3 id="m2">spring.testPetClinic.testCases.FindOwnersTest#sucheNachEinemTierhalter</h3><table class="result"><tr class="param"><th>Parameter #1</th></tr><tr class="param stripe"><td>McTavish</td></tr><tr><th>Exception</th></tr><tr><td><div class="stacktrace">java.lang.AssertionError: null
	at spring.testPetClinic.testCases.FindOwnersTest.sucheTierhalter(FindOwnersTest.java:42)
	at spring.testPetClinic.testCases.FindOwnersTest.sucheNachEinemTierhalter(FindOwnersTest.java:74)
	at java.base/java.util.ArrayList.forEach(ArrayList.java:1511)
... Removed 29 stack frames</div></td></tr></table><p class="totop"><a href="#summary">back to summary</a></p>
<h3 id="m3">spring.testPetClinic.testCases.AddOwnerTest#anlegenEinesTierhalters</h3><table class="result"><tr class="param"><th>Parameter #1</th></tr><tr class="param stripe"><td>{firstName=Alice, lastName=Smith, address=456 Avenue, city=Hamburg, telephone=9876543212}</td></tr></table><p class="totop"><a href="#summary">back to summary</a></p>
<h3 id="m4">spring.testPetClinic.testCases.HomePageTest#pruefenHomePage</h3><table class="result"><tr><th class="invisible"/></tr></table><p class="totop"><a href="#summary">back to summary</a></p>
</body>
</html>
