<?xml version="1.0" encoding="UTF-8"?>
<testng-results ignored="0" total="5" passed="5" failed="0" skipped="0">
  <reporter-output>
  </reporter-output>
  <suite started-at="2025-11-29T17:23:19 MEZ" name="Suite" finished-at="2025-11-29T17:24:15 MEZ" duration-ms="56435">
    <groups>
    </groups>
    <test started-at="2025-11-29T17:23:19 MEZ" name="Testng" finished-at="2025-11-29T17:24:15 MEZ" duration-ms="56435">
      <class name="spring.testPetClinic.testCases.AddNewPetTest">
        <test-method is-config="true" signature="setup()[pri:0, instance:spring.testPetClinic.testCases.AddNewPetTest@7c6908d7]" started-at="2025-11-29T17:23:38 MEZ" name="setup" finished-at="2025-11-29T17:23:39 MEZ" duration-ms="972" status="PASS">
          <reporter-output>
          </reporter-output>
        </test-method> <!-- setup -->
        <test-method signature="anlegenEinesNeuenTiersZuEinemTierhalter(java.lang.String,java.util.Map)[pri:0, instance:spring.testPetClinic.testCases.AddNewPetTest@7c6908d7]" started-at="2025-11-29T17:23:39 MEZ" name="anlegenEinesNeuenTiersZuEinemTierhalter" data-provider="lastNameWithRandomPetProvider" finished-at="2025-11-29T17:23:50 MEZ" duration-ms="11591" status="PASS">
          <params>
            <param index="0">
              <value>
                <![CDATA[Franklin]]>
              </value>
            </param>
            <param index="1">
              <value>
                <![CDATA[{name=Luna, birthDate=2018-07-22, type=cat}]]>
              </value>
            </param>
          </params>
          <reporter-output>
          </reporter-output>
        </test-method> <!-- anlegenEinesNeuenTiersZuEinemTierhalter -->
        <test-method is-config="true" signature="tearDown()[pri:0, instance:spring.testPetClinic.testCases.AddNewPetTest@7c6908d7]" started-at="2025-11-29T17:23:50 MEZ" name="tearDown" finished-at="2025-11-29T17:23:52 MEZ" duration-ms="1741" status="PASS">
          <reporter-output>
          </reporter-output>
        </test-method> <!-- tearDown -->
      </class> <!-- spring.testPetClinic.testCases.AddNewPetTest -->
      <class name="spring.testPetClinic.testCases.AddNewPetVisitTest">
        <test-method is-config="true" signature="setup()[pri:0, instance:spring.testPetClinic.testCases.AddNewPetVisitTest@3c9754d8]" started-at="2025-11-29T17:23:52 MEZ" name="setup" finished-at="2025-11-29T17:23:53 MEZ" duration-ms="857" status="PASS">
          <reporter-output>
          </reporter-output>
        </test-method> <!-- setup -->
        <test-method signature="hinzufügenEinesNeuenBesuchsFürEinTier(java.lang.String,java.util.Map)[pri:0, instance:spring.testPetClinic.testCases.AddNewPetVisitTest@3c9754d8]" started-at="2025-11-29T17:23:53 MEZ" name="hinzufügenEinesNeuenBesuchsFürEinTier" data-provider="lastNameWithRandomPetVisitProvider" finished-at="2025-11-29T17:24:15 MEZ" duration-ms="21720" status="PASS">
          <params>
            <param index="0">
              <value>
                <![CDATA[Escobito]]>
              </value>
            </param>
            <param index="1">
              <value>
                <![CDATA[{date=01-12-2025, description=Vaccination}]]>
              </value>
            </param>
          </params>
          <reporter-output>
          </reporter-output>
        </test-method> <!-- hinzufügenEinesNeuenBesuchsFürEinTier -->
        <test-method is-config="true" signature="tearDown()[pri:0, instance:spring.testPetClinic.testCases.AddNewPetVisitTest@3c9754d8]" started-at="2025-11-29T17:24:15 MEZ" name="tearDown" finished-at="2025-11-29T17:24:15 MEZ" duration-ms="209" status="PASS">
          <reporter-output>
          </reporter-output>
        </test-method> <!-- tearDown -->
      </class> <!-- spring.testPetClinic.testCases.AddNewPetVisitTest -->
      <class name="spring.testPetClinic.testCases.HomePageTest">
        <test-method is-config="true" signature="ladenConfig()[pri:0, instance:spring.testPetClinic.testCases.HomePageTest@62ddbd7e]" started-at="2025-11-29T17:23:18 MEZ" name="ladenConfig" finished-at="2025-11-29T17:23:19 MEZ" duration-ms="247" status="PASS">
          <reporter-output>
          </reporter-output>
        </test-method> <!-- ladenConfig -->
        <test-method is-config="true" signature="setup()[pri:0, instance:spring.testPetClinic.testCases.HomePageTest@62ddbd7e]" started-at="2025-11-29T17:23:19 MEZ" name="setup" finished-at="2025-11-29T17:23:22 MEZ" duration-ms="3323" status="PASS">
          <reporter-output>
          </reporter-output>
        </test-method> <!-- setup -->
        <test-method signature="pruefenHomePage()[pri:0, instance:spring.testPetClinic.testCases.HomePageTest@62ddbd7e]" started-at="2025-11-29T17:23:22 MEZ" name="pruefenHomePage" finished-at="2025-11-29T17:23:23 MEZ" duration-ms="603" status="PASS">
          <reporter-output>
          </reporter-output>
        </test-method> <!-- pruefenHomePage -->
        <test-method is-config="true" signature="tearDown()[pri:0, instance:spring.testPetClinic.testCases.HomePageTest@62ddbd7e]" started-at="2025-11-29T17:23:23 MEZ" name="tearDown" finished-at="2025-11-29T17:23:23 MEZ" duration-ms="188" status="PASS">
          <reporter-output>
          </reporter-output>
        </test-method> <!-- tearDown -->
        <test-method is-config="true" signature="afterSuite()[pri:0, instance:spring.testPetClinic.testCases.HomePageTest@62ddbd7e]" started-at="2025-11-29T17:24:15 MEZ" name="afterSuite" finished-at="2025-11-29T17:24:15 MEZ" duration-ms="247" status="PASS">
          <reporter-output>
          </reporter-output>
        </test-method> <!-- afterSuite -->
      </class> <!-- spring.testPetClinic.testCases.HomePageTest -->
      <class name="spring.testPetClinic.testCases.FindOwnersTest">
        <test-method is-config="true" signature="setup()[pri:0, instance:spring.testPetClinic.testCases.FindOwnersTest@3857f613]" started-at="2025-11-29T17:23:23 MEZ" name="setup" finished-at="2025-11-29T17:23:23 MEZ" duration-ms="770" status="PASS">
          <reporter-output>
          </reporter-output>
        </test-method> <!-- setup -->
        <test-method signature="sucheNachEinemTierhalter(java.lang.String)[pri:0, instance:spring.testPetClinic.testCases.FindOwnersTest@3857f613]" started-at="2025-11-29T17:23:24 MEZ" name="sucheNachEinemTierhalter" data-provider="lastname" finished-at="2025-11-29T17:23:35 MEZ" duration-ms="10959" status="PASS">
          <params>
            <param index="0">
              <value>
                <![CDATA[Escobito]]>
              </value>
            </param>
          </params>
          <reporter-output>
          </reporter-output>
        </test-method> <!-- sucheNachEinemTierhalter -->
        <test-method is-config="true" signature="tearDown()[pri:0, instance:spring.testPetClinic.testCases.FindOwnersTest@3857f613]" started-at="2025-11-29T17:23:35 MEZ" name="tearDown" finished-at="2025-11-29T17:23:35 MEZ" duration-ms="221" status="PASS">
          <reporter-output>
          </reporter-output>
        </test-method> <!-- tearDown -->
      </class> <!-- spring.testPetClinic.testCases.FindOwnersTest -->
      <class name="spring.testPetClinic.testCases.AddOwnerTest">
        <test-method is-config="true" signature="setup()[pri:0, instance:spring.testPetClinic.testCases.AddOwnerTest@198b6731]" started-at="2025-11-29T17:23:35 MEZ" name="setup" finished-at="2025-11-29T17:23:36 MEZ" duration-ms="1041" status="PASS">
          <reporter-output>
          </reporter-output>
        </test-method> <!-- setup -->
        <test-method signature="anlegenEinesTierhalters(java.util.Map)[pri:0, instance:spring.testPetClinic.testCases.AddOwnerTest@198b6731]" started-at="2025-11-29T17:23:36 MEZ" name="anlegenEinesTierhalters" data-provider="ownerDetailsProvider" finished-at="2025-11-29T17:23:38 MEZ" duration-ms="1736" status="PASS">
          <params>
            <param index="0">
              <value>
                <![CDATA[{firstName=John, lastName=Doe, address=123 Street, city=Berlin, telephone=1234567891}]]>
              </value>
            </param>
          </params>
          <reporter-output>
          </reporter-output>
        </test-method> <!-- anlegenEinesTierhalters -->
        <test-method is-config="true" signature="tearDown()[pri:0, instance:spring.testPetClinic.testCases.AddOwnerTest@198b6731]" started-at="2025-11-29T17:23:38 MEZ" name="tearDown" finished-at="2025-11-29T17:23:38 MEZ" duration-ms="215" status="PASS">
          <reporter-output>
          </reporter-output>
        </test-method> <!-- tearDown -->
      </class> <!-- spring.testPetClinic.testCases.AddOwnerTest -->
    </test> <!-- Testng -->
  </suite> <!-- Suite -->
</testng-results>
