<?xml version="1.0" encoding="UTF-8"?>
<testsuite xmlns:xsi="http://www.w3.org/2001/XMLSchema-instance" xsi:noNamespaceSchemaLocation="https://maven.apache.org/surefire/maven-surefire-plugin/xsd/surefire-test-report.xsd" version="3.0.2" name="TestSuite" time="0.858" tests="17" errors="0" skipped="16" failures="1">
  <properties>
[...]
</properties>
  <testcase name="ladenConfig" classname="spring.testPetClinic.testCases.AddNewPetTest" time="0.49">
    <failure message="Cannot invoke &quot;com.aventstack.extentreports.config.ConfigStore.getStore()&quot; because &quot;store&quot; is null" type="java.lang.NullPointerException"><![CDATA[java.lang.NullPointerException: Cannot invoke "com.aventstack.extentreports.config.ConfigStore.getStore()" because "store" is null
	at com.aventstack.extentreports.config.external.XmlConfigLoader.apply(XmlConfigLoader.java:48)
	at com.aventstack.extentreports.reporter.ExtentSparkReporter.loadXMLConfig(ExtentSparkReporter.java:96)
	at com.aventstack.extentreports.reporter.ExtentSparkReporter.loadXMLConfig(ExtentSparkReporter.java:101)
	at spring.testPetClinic.Utility.ExtentManager.setExtent(ExtentManager.java:18)
	at spring.testPetClinic.base.BaseClass.ladenConfig(BaseClass.java:27)
	at java.base/jdk.internal.reflect.NativeMethodAccessorImpl.invoke0(Native Method)
	at java.base/jdk.internal.reflect.NativeMethodAccessorImpl.invoke(NativeMethodAccessorImpl.java:77)
	at java.base/jdk.internal.reflect.DelegatingMethodAccessorImpl.invoke(DelegatingMethodAccessorImpl.java:43)
	at java.base/java.lang.reflect.Method.invoke(Method.java:569)
	at org.testng.internal.invokers.MethodInvocationHelper.invokeMethod(MethodInvocationHelper.java:141)
	at org.testng.internal.invokers.MethodInvocationHelper.invokeMethodConsideringTimeout(MethodInvocationHelper.java:71)
	at org.testng.internal.invokers.ConfigInvoker.invokeConfigurationMethod(ConfigInvoker.java:400)
	at org.testng.internal.invokers.ConfigInvoker.invokeConfigurations(ConfigInvoker.java:333)
	at org.testng.SuiteRunner.privateRun(SuiteRunner.java:358)
	at org.testng.SuiteRunner.run(SuiteRunner.java:312)
	at org.testng.SuiteRunnerWorker.runSuite(SuiteRunnerWorker.java:52)
	at org.testng.SuiteRunnerWorker.run(SuiteRunnerWorker.java:95)
	at org.testng.TestNG.runSuitesSequentially(TestNG.java:1274)
	at org.testng.TestNG.runSuitesLocally(TestNG.java:1208)
	at org.testng.TestNG.runSuites(TestNG.java:1112)
	at org.testng.TestNG.run(TestNG.java:1079)
	at org.apache.maven.surefire.testng.TestNGExecutor.run(TestNGExecutor.java:155)
	at org.apache.maven.surefire.testng.TestNGDirectoryTestSuite.executeMulti(TestNGDirectoryTestSuite.java:169)
	at org.apache.maven.surefire.testng.TestNGDirectoryTestSuite.execute(TestNGDirectoryTestSuite.java:88)
	at org.apache.maven.surefire.testng.TestNGProvider.invoke(TestNGProvider.java:137)
	at org.apache.maven.surefire.booter.ForkedBooter.runSuitesInProcess(ForkedBooter.java:385)
	at org.apache.maven.surefire.booter.ForkedBooter.execute(ForkedBooter.java:162)
	at org.apache.maven.surefire.booter.ForkedBooter.run(ForkedBooter.java:507)
	at org.apache.maven.surefire.booter.ForkedBooter.main(ForkedBooter.java:495)
]]></failure>
    <system-err><![CDATA[SLF4J(W): No SLF4J providers were found.
SLF4J(W): Defaulting to no-operation (NOP) logger implementation
SLF4J(W): See https://www.slf4j.org/codes.html#noProviders for further details.
[Fatal Error] :44:7: Elementtyp "documentTitle" muss mit dem entsprechenden Endtag "</documentTitle>" beendet werden.
Nov. 29, 2025 5:07:33 PM com.aventstack.extentreports.config.external.XmlConfigLoader getConfigStore
SCHWERWIEGEND: Failed to load external configuration
org.xml.sax.SAXParseException; lineNumber: 44; columnNumber: 7; Elementtyp "documentTitle" muss mit dem entsprechenden Endtag "</documentTitle>" beendet werden.
	at java.xml/com.sun.org.apache.xerces.internal.parsers.DOMParser.parse(DOMParser.java:262)
	at java.xml/com.sun.org.apache.xerces.internal.jaxp.DocumentBuilderImpl.parse(DocumentBuilderImpl.java:342)
	at java.xml/javax.xml.parsers.DocumentBuilder.parse(DocumentBuilder.java:122)
	at com.aventstack.extentreports.config.external.XmlConfigLoader.getConfigStore(XmlConfigLoader.java:61)
	at com.aventstack.extentreports.config.external.XmlConfigLoader.apply(XmlConfigLoader.java:46)
	at com.aventstack.extentreports.reporter.ExtentSparkReporter.loadXMLConfig(ExtentSparkReporter.java:96)
	at com.aventstack.extentreports.reporter.ExtentSparkReporter.loadXMLConfig(ExtentSparkReporter.java:101)
	at spring.testPetClinic.Utility.ExtentManager.setExtent(ExtentManager.java:18)
	at spring.testPetClinic.base.BaseClass.ladenConfig(BaseClass.java:27)
	at java.base/jdk.internal.reflect.NativeMethodAccessorImpl.invoke0(Native Method)
	at java.base/jdk.internal.reflect.NativeMethodAccessorImpl.invoke(NativeMethodAccessorImpl.java:77)
	at java.base/jdk.internal.reflect.DelegatingMethodAccessorImpl.invoke(DelegatingMethodAccessorImpl.java:43)
	at java.base/java.lang.reflect.Method.invoke(Method.java:569)
	at org.testng.internal.invokers.MethodInvocationHelper.invokeMethod(MethodInvocationHelper.java:141)
	at org.testng.internal.invokers.MethodInvocationHelper.invokeMethodConsideringTimeout(MethodInvocationHelper.java:71)
	at org.testng.internal.invokers.ConfigInvoker.invokeConfigurationMethod(ConfigInvoker.java:400)
	at org.testng.internal.invokers.ConfigInvoker.invokeConfigurations(ConfigInvoker.java:333)
	at org.testng.SuiteRunner.privateRun(SuiteRunner.java:358)
	at org.testng.SuiteRunner.run(SuiteRunner.java:312)
	at org.testng.SuiteRunnerWorker.runSuite(SuiteRunnerWorker.java:52)
	at org.testng.SuiteRunnerWorker.run(SuiteRunnerWorker.java:95)
	at org.testng.TestNG.runSuitesSequentially(TestNG.java:1274)
	at org.testng.TestNG.runSuitesLocally(TestNG.java:1208)
	at org.testng.TestNG.runSuites(TestNG.java:1112)
	at org.testng.TestNG.run(TestNG.java:1079)
	at org.apache.maven.surefire.testng.TestNGExecutor.run(TestNGExecutor.java:155)
	at org.apache.maven.surefire.testng.TestNGDirectoryTestSuite.executeMulti(TestNGDirectoryTestSuite.java:169)
	at org.apache.maven.surefire.testng.TestNGDirectoryTestSuite.execute(TestNGDirectoryTestSuite.java:88)
	at org.apache.maven.surefire.testng.TestNGProvider.invoke(TestNGProvider.java:137)
	at org.apache.maven.surefire.booter.ForkedBooter.runSuitesInProcess(ForkedBooter.java:385)
	at org.apache.maven.surefire.booter.ForkedBooter.execute(ForkedBooter.java:162)
	at org.apache.maven.surefire.booter.ForkedBooter.run(ForkedBooter.java:507)
	at org.apache.maven.surefire.booter.ForkedBooter.main(ForkedBooter.java:495)

]]></system-err>
  </testcase>
  <testcase name="setup" classname="spring.testPetClinic.testCases.AddNewPetTest" time="0.0">
    <skipped/>
  </testcase>
  <testcase name="anlegenEinesNeuenTiersZuEinemTierhalter[Franklin, {name=Oscar, birthDate=2016-11-05, type=rabbit}](1)" classname="spring.testPetClinic.testCases.AddNewPetTest" time="0.0">
    <skipped message="Cannot invoke &quot;com.aventstack.extentreports.config.ConfigStore.getStore()&quot; because &quot;store&quot; is null"/>
  </testcase>
  <testcase name="tearDown" classname="spring.testPetClinic.testCases.AddNewPetTest" time="0.0">
    <skipped/>
  </testcase>
  <testcase name="afterSuite" classname="spring.testPetClinic.testCases.AddNewPetTest" time="0.0">
    <skipped/>
  </testcase>
  <testcase name="setup" classname="spring.testPetClinic.testCases.AddNewPetVisitTest" time="0.0">
    <skipped/>
  </testcase>
  <testcase name="hinzufügenEinesNeuenBesuchsFürEinTier[Davis, {date=29-11-2025, description=Doctor}](1)" classname="spring.testPetClinic.testCases.AddNewPetVisitTest" time="0.0">
    <skipped message="Cannot invoke &quot;com.aventstack.extentreports.config.ConfigStore.getStore()&quot; because &quot;store&quot; is null"/>
  </testcase>
  <testcase name="tearDown" classname="spring.testPetClinic.testCases.AddNewPetVisitTest" time="0.0">
    <skipped/>
  </testcase>
  <testcase name="setup" classname="spring.testPetClinic.testCases.AddOwnerTest" time="0.0">
    <skipped/>
  </testcase>
  <testcase name="anlegenEinesTierhalters[{firstName=Mark, lastName=Taylor, address=789 Road, city=Munich, telephone=5556667778}](1)" classname="spring.testPetClinic.testCases.AddOwnerTest" time="0.0">
    <skipped message="Cannot invoke &quot;com.aventstack.extentreports.config.ConfigStore.getStore()&quot; because &quot;store&quot; is null"/>
  </testcase>
  <testcase name="tearDown" classname="spring.testPetClinic.testCases.AddOwnerTest" time="0.0">
    <skipped/>
  </testcase>
  <testcase name="setup" classname="spring.testPetClinic.testCases.FindOwnersTest" time="0.0">
    <skipped/>
  </testcase>
  <testcase name="sucheNachEinemTierhalter[Schroeder](1)" classname="spring.testPetClinic.testCases.FindOwnersTest" time="0.0">
    <skipped message="Cannot invoke &quot;com.aventstack.extentreports.config.ConfigStore.getStore()&quot; because &quot;store&quot; is null"/>
  </testcase>
  <testcase name="tearDown" classname="spring.testPetClinic.testCases.FindOwnersTest" time="0.0">
    <skipped/>
  </testcase>
  <testcase name="setup" classname="spring.testPetClinic.testCases.HomePageTest" time="0.0">
    <skipped/>
  </testcase>
  <testcase name="pruefenHomePage" classname="spring.testPetClinic.testCases.HomePageTest" time="0.0">
    <skipped message="Cannot invoke &quot;com.aventstack.extentreports.config.ConfigStore.getStore()&quot; because &quot;store&quot; is null"/>
  </testcase>
  <testcase name="tearDown" classname="spring.testPetClinic.testCases.HomePageTest" time="0.0">
    <skipped/>
  </testcase>
</testsuite>